<?xml version="1.0" encoding="UTF-8"?>
<!-- Generated by org.testng.reporters.JUnitXMLReporter -->
<testsuite ignored="0" hostname="DESKTOP-AM6U94K" failures="0" tests="2" name="Google Test" time="0.663" errors="0" timestamp="2023-06-06T17:20:38 IST">
  <testcase classname="com.Mohs10.Base.StartBrowser" name="@BeforeClass browserSetup" time="-1.686052238158E9">
    <failure type="org.testng.TestNGException" message="
Parameter &amp;apos;browser&amp;apos; is required by BeforeClass on method browserSetup but has not been marked @Optional or defined
in C:\Users\Dell\Desktop\Deepika\Grid\pAInITe\testng.xml">
      <![CDATA[org.testng.TestNGException: 
Parameter 'browser' is required by BeforeClass on method browserSetup but has not been marked @Optional or defined
in C:\Users\Dell\Desktop\Deepika\Grid\pAInITe\testng.xml
at java.base/java.util.ArrayList.forEach(ArrayList.java:1511)
... Removed 22 stack frames]]>
    </failure>
  </testcase> <!-- @BeforeClass browserSetup -->
  <testcase classname="com.Mohs10.Base.StartBrowser" name="@BeforeMethod methodName" time="-1.686052238191E9">
    <skipped/>
  </testcase> <!-- @BeforeMethod methodName -->
  <testcase classname="com.Mohs10.Base.StartBrowser" name="@AfterMethod getResult" time="-1.686052238199E9">
    <skipped/>
  </testcase> <!-- @AfterMethod getResult -->
  <testcase classname="com.Mohs10.Base.StartBrowser" name="@AfterMethod onTestFailure" time="-1.686052238204E9">
    <skipped/>
  </testcase> <!-- @AfterMethod onTestFailure -->
  <testcase classname="com.Mohs10.Base.StartBrowser" name="@BeforeMethod methodName" time="-1.686052238216E9">
    <skipped/>
  </testcase> <!-- @BeforeMethod methodName -->
  <testcase classname="com.Mohs10.Base.StartBrowser" name="@AfterMethod getResult" time="-1.686052238227E9">
    <skipped/>
  </testcase> <!-- @AfterMethod getResult -->
  <testcase classname="com.Mohs10.Base.StartBrowser" name="@AfterMethod onTestFailure" time="-1.686052238229E9">
    <skipped/>
  </testcase> <!-- @AfterMethod onTestFailure -->
  <testcase classname="com.Mohs10.Base.StartBrowser" name="@AfterClass afterClass" time="-1.686052238235E9">
    <skipped/>
  </testcase> <!-- @AfterClass afterClass -->
  <testcase classname="com.Mohs10.TestScripts.TestPDFFile" name="testMethod2" time="0.0">
    <skipped/>
  </testcase> <!-- testMethod2 -->
  <testcase classname="com.Mohs10.TestScripts.TestPDFFile" name="testMethod1" time="0.0">
    <skipped/>
  </testcase> <!-- testMethod1 -->
</testsuite> <!-- Google Test -->
