<?xml version="1.0" encoding="UTF-8"?>
<!-- Generated by org.testng.reporters.JUnitXMLReporter -->
<testsuite ignored="2" hostname="DESKTOP-BLPH810" failures="1" tests="2" name="Test_All" time="19.276" errors="0" timestamp="2024-02-07T17:21:16 IST">
  <testcase classname="com.Mohs10.TestScripts.Pharmacy_Superadmin" name="PharmacyLoginTestcase1" time="13.101">
    <failure type="org.openqa.selenium.ElementClickInterceptedException" message="element click intercepted: Element &amp;lt;input type=&amp;quot;submit&amp;quot; class=&amp;quot;submit&amp;quot; value=&amp;quot;LOGIN&amp;quot;&amp;gt; is not clickable at point (856, 400). Other element would receive the click: &amp;lt;iframe id=&amp;quot;zap-hud-management&amp;quot; src=&amp;quot;https://zap//zapCallBackUrl/2303832585847693110/file/management.html?url=https://mamatva.ap-south-1.elasticbeanstalk.com/&amp;amp;amp;frameId=management&amp;amp;amp;tabId=6662066-285&amp;quot; scrolling=&amp;quot;no&amp;quot; title=&amp;quot;Management Area&amp;quot; sandbox=&amp;quot;allow-storage-access-by-user-activation allow-scripts allow-same-origin allow-popups allow-forms allow-top-navigation&amp;quot; style=&amp;quot;position: fixed; right: 0px; bottom: 50px; width: 100%; height: 100%; border: medium none; overflow: hidden; z-index: 2147483647;&amp;quot;&amp;gt;&amp;lt;/iframe&amp;gt;
  (Session info: chrome=121.0.6167.140)
Build info: version: &amp;apos;3.141.59&amp;apos;, revision: &amp;apos;e82be7d358&amp;apos;, time: &amp;apos;2018-11-14T08:17:03&amp;apos;
System info: host: &amp;apos;DESKTOP-BLPH810&amp;apos;, ip: &amp;apos;192.168.56.1&amp;apos;, os.name: &amp;apos;Windows 10&amp;apos;, os.arch: &amp;apos;amd64&amp;apos;, os.version: &amp;apos;10.0&amp;apos;, java.version: &amp;apos;17.0.9&amp;apos;
Driver info: org.openqa.selenium.chrome.ChromeDriver
Capabilities {acceptInsecureCerts: true, browserName: chrome, browserVersion: 121.0.6167.140, chrome: {chromedriverVersion: 121.0.6167.85 (3f98d690ad7e..., userDataDir: C:\Windows\SystemTemp\scope...}, fedcm:accounts: true, goog:chromeOptions: {debuggerAddress: localhost:31977}, javascriptEnabled: true, networkConnectionEnabled: false, pageLoadStrategy: normal, platform: WINDOWS, platformName: WINDOWS, proxy: Proxy(manual, http=localhos..., setWindowRect: true, strictFileInteractability: false, timeouts: {implicit: 0, pageLoad: 300000, script: 30000}, unhandledPromptBehavior: dismiss and notify, webauthn:extension:credBlob: true, webauthn:extension:largeBlob: true, webauthn:extension:minPinLength: true, webauthn:extension:prf: true, webauthn:virtualAuthenticators: true}
Session ID: bb442a886b2d25a451721ec8c030d100">
      <![CDATA[org.openqa.selenium.ElementClickInterceptedException: element click intercepted: Element <input type="submit" class="submit" value="LOGIN"> is not clickable at point (856, 400). Other element would receive the click: <iframe id="zap-hud-management" src="https://zap//zapCallBackUrl/2303832585847693110/file/management.html?url=https://mamatva.ap-south-1.elasticbeanstalk.com/&amp;frameId=management&amp;tabId=6662066-285" scrolling="no" title="Management Area" sandbox="allow-storage-access-by-user-activation allow-scripts allow-same-origin allow-popups allow-forms allow-top-navigation" style="position: fixed; right: 0px; bottom: 50px; width: 100%; height: 100%; border: medium none; overflow: hidden; z-index: 2147483647;"></iframe>
  (Session info: chrome=121.0.6167.140)
Build info: version: '3.141.59', revision: 'e82be7d358', time: '2018-11-14T08:17:03'
System info: host: 'DESKTOP-BLPH810', ip: '192.168.56.1', os.name: 'Windows 10', os.arch: 'amd64', os.version: '10.0', java.version: '17.0.9'
Driver info: org.openqa.selenium.chrome.ChromeDriver
Capabilities {acceptInsecureCerts: true, browserName: chrome, browserVersion: 121.0.6167.140, chrome: {chromedriverVersion: 121.0.6167.85 (3f98d690ad7e..., userDataDir: C:\Windows\SystemTemp\scope...}, fedcm:accounts: true, goog:chromeOptions: {debuggerAddress: localhost:31977}, javascriptEnabled: true, networkConnectionEnabled: false, pageLoadStrategy: normal, platform: WINDOWS, platformName: WINDOWS, proxy: Proxy(manual, http=localhos..., setWindowRect: true, strictFileInteractability: false, timeouts: {implicit: 0, pageLoad: 300000, script: 30000}, unhandledPromptBehavior: dismiss and notify, webauthn:extension:credBlob: true, webauthn:extension:largeBlob: true, webauthn:extension:minPinLength: true, webauthn:extension:prf: true, webauthn:virtualAuthenticators: true}
Session ID: bb442a886b2d25a451721ec8c030d100
at org.openqa.selenium.remote.http.W3CHttpResponseCodec.createException(W3CHttpResponseCodec.java:187)
at org.openqa.selenium.remote.http.W3CHttpResponseCodec.decode(W3CHttpResponseCodec.java:122)
at org.openqa.selenium.remote.http.W3CHttpResponseCodec.decode(W3CHttpResponseCodec.java:49)
at org.openqa.selenium.remote.HttpCommandExecutor.execute(HttpCommandExecutor.java:158)
at org.openqa.selenium.remote.service.DriverCommandExecutor.execute(DriverCommandExecutor.java:83)
at org.openqa.selenium.remote.RemoteWebDriver.execute(RemoteWebDriver.java:552)
at org.openqa.selenium.remote.RemoteWebElement.execute(RemoteWebElement.java:285)
at org.openqa.selenium.remote.RemoteWebElement.click(RemoteWebElement.java:84)
at com.Mohs10.Base.Action.click(Action.java:59)
at com.Mohs10.Functions.CommonFuns.MamatvaLogin(CommonFuns.java:101)
at com.Mohs10.TestScripts.Pharmacy_Superadmin.PharmacyLoginTestcase1(Pharmacy_Superadmin.java:62)
at java.base/java.util.ArrayList.forEach(ArrayList.java:1511)
... Removed 32 stack frames]]>
    </failure>
  </testcase> <!-- PharmacyLoginTestcase1 -->
  <testcase classname="com.Mohs10.Reports.PDFReportTest" name="PDFreports" time="1.256"/>
  <testcase classname="com.Mohs10.Base.StartBrowser" name="@BeforeSuite loadConfig" time="0.0">
    <ignored/>
  </testcase> <!-- @BeforeSuite loadConfig -->
  <testcase classname="com.Mohs10.Base.StartBrowser" name="@AfterSuite afterSuite" time="0.0">
    <ignored/>
  </testcase> <!-- @AfterSuite afterSuite -->
</testsuite> <!-- Test_All -->
